<?xml version="1.0" encoding="UTF-8"?>
<!-- Generated by org.testng.reporters.JUnitXMLReporter -->
<testsuite hostname="anafs-MacBook-Pro.local" ignored="0" name="Default test" tests="3" failures="0" timestamp="26 Jun 2018 22:16:14 GMT" time="24.465" errors="0">
  <testcase name="test" time="2.984" classname="com.cybertek.MockarooDataValidation"/>
  <testcase name="create" time="15.954" classname="com.cybertek.MockarooDataValidation"/>
  <testcase name="runner" time="0.024" classname="com.cybertek.MockarooDataValidation"/>
</testsuite> <!-- Default test -->
