<?xml version="1.0" encoding="UTF-8"?>
<testng-results skipped="0" failed="0" ignored="0" total="3" passed="3">
  <reporter-output>
  </reporter-output>
  <suite name="Default suite" duration-ms="24465" started-at="2018-06-26T22:15:49Z" finished-at="2018-06-26T22:16:13Z">
    <groups>
    </groups>
    <test name="Default test" duration-ms="24465" started-at="2018-06-26T22:15:49Z" finished-at="2018-06-26T22:16:13Z">
      <class name="com.cybertek.MockarooDataValidation">
        <test-method status="PASS" signature="setUp()[pri:0, instance:com.cybertek.MockarooDataValidation@57fffcd7]" name="setUp" is-config="true" duration-ms="2359" started-at="2018-06-26T22:15:49Z" finished-at="2018-06-26T22:15:51Z">
          <reporter-output>
          </reporter-output>
        </test-method> <!-- setUp -->
        <test-method status="PASS" signature="test()[pri:1, instance:com.cybertek.MockarooDataValidation@57fffcd7]" name="test" duration-ms="2984" started-at="2018-06-26T22:15:51Z" finished-at="2018-06-26T22:15:54Z">
          <reporter-output>
          </reporter-output>
        </test-method> <!-- test -->
        <test-method status="PASS" signature="create()[pri:2, instance:com.cybertek.MockarooDataValidation@57fffcd7]" name="create" duration-ms="15954" started-at="2018-06-26T22:15:54Z" finished-at="2018-06-26T22:16:10Z">
          <reporter-output>
          </reporter-output>
        </test-method> <!-- create -->
        <test-method status="PASS" signature="runner()[pri:3, instance:com.cybertek.MockarooDataValidation@57fffcd7]" name="runner" duration-ms="24" started-at="2018-06-26T22:16:10Z" finished-at="2018-06-26T22:16:10Z">
          <reporter-output>
          </reporter-output>
        </test-method> <!-- runner -->
        <test-method status="PASS" signature="tearDown()[pri:0, instance:com.cybertek.MockarooDataValidation@57fffcd7]" name="tearDown" is-config="true" duration-ms="3112" started-at="2018-06-26T22:16:10Z" finished-at="2018-06-26T22:16:13Z">
          <reporter-output>
          </reporter-output>
        </test-method> <!-- tearDown -->
      </class> <!-- com.cybertek.MockarooDataValidation -->
    </test> <!-- Default test -->
  </suite> <!-- Default suite -->
</testng-results>
